<?xml version="1.0" encoding="UTF-8"?>
<!-- Generated by org.testng.reporters.JUnitReportReporter -->
<testsuite hostname="DESKTOP-5RTH0OK" failures="0" tests="3" name="StoreAuto.Store" time="17.396" errors="0" timestamp="2026-02-10T13:04:53 EET" skipped="0">
  <testcase classname="StoreAuto.Store" name="SignUPTest" time="13.872"/>
  <testcase classname="StoreAuto.Store" name="Logout" time="1.016"/>
  <testcase classname="StoreAuto.Store" name="Login" time="2.508"/>
</testsuite> <!-- StoreAuto.Store -->
