<?xml version="1.0" encoding="UTF-8"?>
<!-- Generated by org.testng.reporters.JUnitReportReporter -->
<testsuite hostname="DESKTOP-5RTH0OK" failures="0" tests="6" name="StoreAuto.Store" time="14.411" errors="0" timestamp="2026-02-06T23:53:41 EET" skipped="0">
  <testcase classname="StoreAuto.Store" name="SignUPTest" time="2.552"/>
  <testcase classname="StoreAuto.Store" name="SignUPTest" time="2.151"/>
  <testcase classname="StoreAuto.Store" name="SignUPTest" time="2.624"/>
  <testcase classname="StoreAuto.Store" name="SignUPTest" time="2.738"/>
  <testcase classname="StoreAuto.Store" name="SignUPTest" time="2.236"/>
  <testcase classname="StoreAuto.Store" name="SignUPTest" time="2.110"/>
</testsuite> <!-- StoreAuto.Store -->
