<?xml version="1.0" encoding="UTF-8"?>
<!-- Generated by org.testng.reporters.JUnitReportReporter -->
<testsuite hostname="DESKTOP-5RTH0OK" failures="0" tests="5" name="firstProject.RemoveItem" time="1.815" errors="0" timestamp="2026-02-06T18:17:47 EET" skipped="1">
  <testcase classname="firstProject.RemoveItem" name="LoginTest" time="1.503"/>
  <testcase classname="firstProject.RemoveItem" name="AddRandomItem" time="0.103"/>
  <testcase classname="firstProject.RemoveItem" name="AddRandomItem" time="0.122"/>
  <testcase classname="firstProject.RemoveItem" name="AddRandomItem" time="0.087"/>
  <testcase classname="firstProject.RemoveItem" name="AddTest">
    <skipped/>
  </testcase> <!-- AddTest -->
</testsuite> <!-- firstProject.RemoveItem -->
