<?xml version="1.0" encoding="UTF-8"?>
<!-- Generated by org.testng.reporters.JUnitXMLReporter -->
<testsuite ignored="0" hostname="DESKTOP-5RTH0OK" failures="0" tests="6" name="Default test" time="17.891" errors="0" timestamp="2026-02-06T23:53:41 EET">
  <testcase classname="StoreAuto.Store" name="SignUPTest" time="2.624"/>
  <testcase classname="StoreAuto.Store" name="SignUPTest" time="2.151"/>
  <testcase classname="StoreAuto.Store" name="SignUPTest" time="2.236"/>
  <testcase classname="StoreAuto.Store" name="SignUPTest" time="2.552"/>
  <testcase classname="StoreAuto.Store" name="SignUPTest" time="2.738"/>
  <testcase classname="StoreAuto.Store" name="SignUPTest" time="2.11"/>
</testsuite> <!-- Default test -->
