<?xml version="1.0" encoding="UTF-8"?>
<!-- Generated by org.testng.reporters.JUnitXMLReporter -->
<testsuite ignored="0" hostname="DESKTOP-5RTH0OK" failures="0" tests="3" name="Default test" time="19.485" errors="0" timestamp="2026-02-10T13:04:53 EET">
  <testcase classname="StoreAuto.Store" name="SignUPTest" time="13.872"/>
  <testcase classname="StoreAuto.Store" name="Logout" time="1.016"/>
  <testcase classname="StoreAuto.Store" name="Login" time="2.508"/>
</testsuite> <!-- Default test -->
