<?xml version="1.0" encoding="UTF-8"?>
<testng-results ignored="0" total="6" passed="6" failed="0" skipped="0">
  <reporter-output>
  </reporter-output>
  <suite started-at="2026-02-06T23:53:23 EET" name="Default suite" finished-at="2026-02-06T23:53:41 EET" duration-ms="17891">
    <groups>
    </groups>
    <test started-at="2026-02-06T23:53:23 EET" name="Default test" finished-at="2026-02-06T23:53:41 EET" duration-ms="17891">
      <class name="StoreAuto.Store">
        <test-method is-config="true" signature="MySetup()[pri:0, instance:StoreAuto.Store@6492fab5]" started-at="2026-02-06T23:53:23 EET" name="MySetup" finished-at="2026-02-06T23:53:26 EET" duration-ms="3417" status="PASS">
          <reporter-output>
          </reporter-output>
        </test-method> <!-- MySetup -->
        <test-method signature="SignUPTest()[pri:1, instance:StoreAuto.Store@6492fab5]" started-at="2026-02-06T23:53:26 EET" name="SignUPTest" finished-at="2026-02-06T23:53:29 EET" duration-ms="2624" status="PASS">
          <reporter-output>
          </reporter-output>
        </test-method> <!-- SignUPTest -->
        <test-method signature="SignUPTest()[pri:1, instance:StoreAuto.Store@6492fab5]" started-at="2026-02-06T23:53:29 EET" name="SignUPTest" finished-at="2026-02-06T23:53:31 EET" duration-ms="2151" status="PASS">
          <reporter-output>
          </reporter-output>
        </test-method> <!-- SignUPTest -->
        <test-method signature="SignUPTest()[pri:1, instance:StoreAuto.Store@6492fab5]" started-at="2026-02-06T23:53:31 EET" name="SignUPTest" finished-at="2026-02-06T23:53:33 EET" duration-ms="2236" status="PASS">
          <reporter-output>
          </reporter-output>
        </test-method> <!-- SignUPTest -->
        <test-method signature="SignUPTest()[pri:1, instance:StoreAuto.Store@6492fab5]" started-at="2026-02-06T23:53:33 EET" name="SignUPTest" finished-at="2026-02-06T23:53:36 EET" duration-ms="2552" status="PASS">
          <reporter-output>
          </reporter-output>
        </test-method> <!-- SignUPTest -->
        <test-method signature="SignUPTest()[pri:1, instance:StoreAuto.Store@6492fab5]" started-at="2026-02-06T23:53:36 EET" name="SignUPTest" finished-at="2026-02-06T23:53:39 EET" duration-ms="2738" status="PASS">
          <reporter-output>
          </reporter-output>
        </test-method> <!-- SignUPTest -->
        <test-method signature="SignUPTest()[pri:1, instance:StoreAuto.Store@6492fab5]" started-at="2026-02-06T23:53:39 EET" name="SignUPTest" finished-at="2026-02-06T23:53:41 EET" duration-ms="2110" status="PASS">
          <reporter-output>
          </reporter-output>
        </test-method> <!-- SignUPTest -->
      </class> <!-- StoreAuto.Store -->
    </test> <!-- Default test -->
  </suite> <!-- Default suite -->
</testng-results>
