<?xml version="1.0" encoding="UTF-8"?>
<testng-results ignored="0" total="3" passed="3" failed="0" skipped="0">
  <reporter-output>
  </reporter-output>
  <suite started-at="2026-02-10T13:04:33 EET" name="Default suite" finished-at="2026-02-10T13:04:53 EET" duration-ms="19485">
    <groups>
    </groups>
    <test started-at="2026-02-10T13:04:33 EET" name="Default test" finished-at="2026-02-10T13:04:53 EET" duration-ms="19485">
      <class name="StoreAuto.Store">
        <test-method is-config="true" signature="MySetup()[pri:0, instance:StoreAuto.Store@2ceb80a1]" started-at="2026-02-10T13:04:33 EET" name="MySetup" finished-at="2026-02-10T13:04:35 EET" duration-ms="2030" status="PASS">
          <reporter-output>
          </reporter-output>
        </test-method> <!-- MySetup -->
        <test-method signature="SignUPTest()[pri:1, instance:StoreAuto.Store@2ceb80a1]" started-at="2026-02-10T13:04:35 EET" name="SignUPTest" finished-at="2026-02-10T13:04:49 EET" duration-ms="13872" status="PASS">
          <reporter-output>
          </reporter-output>
        </test-method> <!-- SignUPTest -->
        <test-method signature="Logout()[pri:2, instance:StoreAuto.Store@2ceb80a1]" started-at="2026-02-10T13:04:49 EET" name="Logout" finished-at="2026-02-10T13:04:50 EET" duration-ms="1016" status="PASS">
          <reporter-output>
          </reporter-output>
        </test-method> <!-- Logout -->
        <test-method signature="Login()[pri:3, instance:StoreAuto.Store@2ceb80a1]" started-at="2026-02-10T13:04:50 EET" name="Login" finished-at="2026-02-10T13:04:53 EET" duration-ms="2508" status="PASS">
          <reporter-output>
          </reporter-output>
        </test-method> <!-- Login -->
      </class> <!-- StoreAuto.Store -->
    </test> <!-- Default test -->
  </suite> <!-- Default suite -->
</testng-results>
