<?xml version="1.0" encoding="UTF-8"?>
<testng-results ignored="0" total="1" passed="1" failed="0" skipped="0">
  <reporter-output>
  </reporter-output>
  <suite started-at="2026-02-09T17:08:42 EET" name="Default suite" finished-at="2026-02-09T17:09:02 EET" duration-ms="20194">
    <groups>
    </groups>
    <test started-at="2026-02-09T17:08:42 EET" name="Default test" finished-at="2026-02-09T17:09:02 EET" duration-ms="20194">
      <class name="StoreAuto.Store">
        <test-method is-config="true" signature="MySetup()[pri:0, instance:StoreAuto.Store@39a8312f]" started-at="2026-02-09T17:08:42 EET" name="MySetup" finished-at="2026-02-09T17:08:44 EET" duration-ms="2291" status="PASS">
          <reporter-output>
          </reporter-output>
        </test-method> <!-- MySetup -->
        <test-method signature="SignUPTest()[pri:1, instance:StoreAuto.Store@39a8312f]" started-at="2026-02-09T17:08:44 EET" name="SignUPTest" finished-at="2026-02-09T17:09:02 EET" duration-ms="17817" status="PASS">
          <reporter-output>
          </reporter-output>
        </test-method> <!-- SignUPTest -->
      </class> <!-- StoreAuto.Store -->
    </test> <!-- Default test -->
  </suite> <!-- Default suite -->
</testng-results>
